#
# There is insufficient memory for the Java Runtime Environment to continue.
# Native memory allocation (malloc) failed to allocate 464704 bytes for Chunk::new
# Possible reasons:
#   The system is out of physical RAM or swap space
#   In 32 bit mode, the process size limit was hit
# Possible solutions:
#   Reduce memory load on the system
#   Increase physical memory or swap space
#   Check if swap backing store is full
#   Use 64 bit Java on a 64 bit OS
#   Decrease Java heap size (-Xmx/-Xms)
#   Decrease number of Java threads
#   Decrease Java thread stack sizes (-Xss)
#   Set larger code cache with -XX:ReservedCodeCacheSize=
# This output file may be truncated or incomplete.
#
#  Out of Memory Error (allocation.cpp:390), pid=10476, tid=0x000000000000330c
#
# JRE version: OpenJDK Runtime Environment (8.0_152-b06) (build 1.8.0_152-release-1136-b06)
# Java VM: OpenJDK 64-Bit Server VM (25.152-b06 mixed mode windows-amd64 compressed oops)
# Failed to write core dump. Minidumps are not enabled by default on client versions of Windows
#

---------------  T H R E A D  ---------------

Current thread (0x000000001853c800):  JavaThread "C2 CompilerThread1" daemon [_thread_in_native, id=13068, stack(0x0000000018bf0000,0x0000000018cf0000)]

Stack: [0x0000000018bf0000,0x0000000018cf0000]
[error occurred during error reporting (printing stack bounds), id 0xc0000005]

Native frames: (J=compiled Java code, j=interpreted, Vv=VM code, C=native code)


Current CompileTask:
C2: 361379 28713       4       com.android.tools.r8.code.BaseInstructionFactory::create (3362 bytes)


---------------  P R O C E S S  ---------------

Java Threads: ( => current thread )
  0x000000001fc29800 JavaThread "ForkJoinPool-25-worker-6" daemon [_thread_blocked, id=9940, stack(0x00000000333b0000,0x00000000334b0000)]
  0x000000001fc2a800 JavaThread "ForkJoinPool-25-worker-5" daemon [_thread_blocked, id=12556, stack(0x00000000332b0000,0x00000000333b0000)]
  0x000000001fc29000 JavaThread "ForkJoinPool-25-worker-4" daemon [_thread_blocked, id=18228, stack(0x00000000331b0000,0x00000000332b0000)]
  0x000000001fc2b000 JavaThread "ForkJoinPool-25-worker-3" daemon [_thread_blocked, id=6396, stack(0x00000000330b0000,0x00000000331b0000)]
  0x000000001fc2d800 JavaThread "ForkJoinPool-25-worker-2" daemon [_thread_blocked, id=17484, stack(0x0000000032fb0000,0x00000000330b0000)]
  0x000000001fc2e000 JavaThread "ForkJoinPool-25-worker-1" daemon [_thread_blocked, id=17588, stack(0x0000000032eb0000,0x0000000032fb0000)]
  0x000000001fc23000 JavaThread "ForkJoinPool.commonPool-worker-2" daemon [_thread_blocked, id=4756, stack(0x0000000032db0000,0x0000000032eb0000)]
  0x000000001fc26000 JavaThread "ForkJoinPool.commonPool-worker-1" daemon [_thread_blocked, id=8924, stack(0x0000000032cb0000,0x0000000032db0000)]
  0x000000001fc25000 JavaThread "ForkJoinPool.commonPool-worker-0" daemon [_thread_blocked, id=7792, stack(0x0000000032bb0000,0x0000000032cb0000)]
  0x000000001fc27800 JavaThread "Worker Daemon Execution" [_thread_blocked, id=6720, stack(0x0000000032ab0000,0x0000000032bb0000)]
  0x0000000024a4a800 JavaThread "ForkJoinPool.commonPool-worker-7" daemon [_thread_blocked, id=11616, stack(0x00000000328b0000,0x00000000329b0000)]
  0x0000000024a51800 JavaThread "stdout" [_thread_in_native, id=8356, stack(0x00000000327b0000,0x00000000328b0000)]
  0x0000000024a50000 JavaThread "stderr" [_thread_in_native, id=8580, stack(0x00000000326b0000,0x00000000327b0000)]
  0x0000000024a4f000 JavaThread "pool-14-thread-1" [_thread_blocked, id=17264, stack(0x00000000325b0000,0x00000000326b0000)]
  0x0000000024a47800 JavaThread "Task worker for ':' Thread 5" [_thread_blocked, id=16960, stack(0x00000000324b0000,0x00000000325b0000)]
  0x0000000024a4e800 JavaThread "Task worker for ':' Thread 4" [_thread_blocked, id=18392, stack(0x00000000323b0000,0x00000000324b0000)]
  0x0000000024a48800 JavaThread "Task worker for ':' Thread 3" [_thread_blocked, id=17712, stack(0x00000000322b0000,0x00000000323b0000)]
  0x0000000024a47000 JavaThread "Task worker for ':' Thread 2" [_thread_blocked, id=17616, stack(0x00000000321b0000,0x00000000322b0000)]
  0x000000001c566000 JavaThread "Task worker for ':'" [_thread_in_Java, id=12496, stack(0x00000000320b0000,0x00000000321b0000)]
  0x000000001c565000 JavaThread "Cache worker for Build Output Cleanup Cache (E:\android\keeprun\.gradle\buildOutputCleanup)" [_thread_blocked, id=16788, stack(0x0000000031fb0000,0x00000000320b0000)]
  0x000000001c55f000 JavaThread "Cache worker for task history cache (E:\android\keeprun\.gradle\4.6\taskHistory)" [_thread_blocked, id=17740, stack(0x0000000031eb0000,0x0000000031fb0000)]
  0x000000001c564800 JavaThread "Cache worker for file content cache (E:\android\keeprun\.gradle\4.6\fileContent)" [_thread_blocked, id=14168, stack(0x0000000031db0000,0x0000000031eb0000)]
  0x000000001c55d000 JavaThread "Build operations Thread 6" [_thread_blocked, id=4332, stack(0x0000000031cb0000,0x0000000031db0000)]
  0x000000001c562000 JavaThread "Build operations Thread 5" [_thread_blocked, id=12716, stack(0x0000000031bb0000,0x0000000031cb0000)]
  0x000000001c563800 JavaThread "Build operations Thread 4" [_thread_blocked, id=15656, stack(0x0000000031ab0000,0x0000000031bb0000)]
  0x000000001c561800 JavaThread "Build operations Thread 3" [_thread_blocked, id=14020, stack(0x00000000319b0000,0x0000000031ab0000)]
  0x000000001c55c000 JavaThread "Build operations Thread 2" [_thread_blocked, id=16940, stack(0x00000000318b0000,0x00000000319b0000)]
  0x000000001c55d800 JavaThread "Build operations" [_thread_blocked, id=6232, stack(0x00000000317b0000,0x00000000318b0000)]
  0x000000001c560000 JavaThread "Cache worker for Artifact transforms cache (C:\Users\Administrator\.gradle\caches\transforms-1)" [_thread_blocked, id=17004, stack(0x00000000316b0000,0x00000000317b0000)]
  0x000000001c556800 JavaThread "Cache worker for file hash cache (E:\android\keeprun\.gradle\4.6\fileHashes)" [_thread_blocked, id=9636, stack(0x00000000315b0000,0x00000000316b0000)]
  0x000000001c55a800 JavaThread "Stdin handler" [_thread_blocked, id=15556, stack(0x00000000314b0000,0x00000000315b0000)]
  0x000000001c557800 JavaThread "Asynchronous log dispatcher for DefaultDaemonConnection: socket connection from /127.0.0.1:52058 to /127.0.0.1:52187" [_thread_blocked, id=9480, stack(0x00000000313b0000,0x00000000314b0000)]
  0x000000001c55b800 JavaThread "Cancel handler" [_thread_blocked, id=12188, stack(0x00000000312b0000,0x00000000313b0000)]
  0x000000001c559000 JavaThread "Handler for socket connection from /127.0.0.1:52058 to /127.0.0.1:52187" [_thread_in_native, id=10688, stack(0x00000000311b0000,0x00000000312b0000)]
  0x0000000024a50800 JavaThread "pool-9-thread-1" [_thread_blocked, id=9312, stack(0x000000002edb0000,0x000000002eeb0000)]
  0x0000000024a4d000 JavaThread "Daemon worker Thread 2" [_thread_blocked, id=1676, stack(0x000000002e2b0000,0x000000002e3b0000)]
  0x0000000024a49000 JavaThread "Daemon Thread 2" [_thread_blocked, id=10772, stack(0x000000002dfb0000,0x000000002e0b0000)]
  0x000000001c558000 JavaThread "MarlinRenderer Disposer" daemon [_thread_blocked, id=17904, stack(0x00000000286c0000,0x00000000287c0000)]
  0x000000001c55e800 JavaThread "Java2D Disposer" daemon [_thread_blocked, id=18220, stack(0x00000000285c0000,0x00000000286c0000)]
  0x000000001fc24800 JavaThread "Memory manager" [_thread_blocked, id=9340, stack(0x0000000022510000,0x0000000022610000)]
  0x000000001fc28000 JavaThread "pool-1-thread-1" [_thread_blocked, id=12748, stack(0x0000000021b70000,0x0000000021c70000)]
  0x000000001a198000 JavaThread "File lock request listener" [_thread_in_native, id=10232, stack(0x000000001b770000,0x000000001b870000)]
  0x000000001a4e2800 JavaThread "Cache worker for file hash cache (C:\Users\Administrator\.gradle\caches\4.6\fileHashes)" [_thread_blocked, id=4376, stack(0x000000001b670000,0x000000001b770000)]
  0x0000000019fbe800 JavaThread "Daemon periodic checks" [_thread_blocked, id=12136, stack(0x000000001ab70000,0x000000001ac70000)]
  0x000000001a370800 JavaThread "Incoming local TCP Connector on port 52058" [_thread_in_native, id=17960, stack(0x000000001a9c0000,0x000000001aac0000)]
  0x00000000185ba000 JavaThread "Service Thread" daemon [_thread_blocked, id=10844, stack(0x0000000018df0000,0x0000000018ef0000)]
  0x0000000018543000 JavaThread "C1 CompilerThread2" daemon [_thread_in_native, id=13292, stack(0x0000000018cf0000,0x0000000018df0000)]
=>0x000000001853c800 JavaThread "C2 CompilerThread1" daemon [_thread_in_native, id=13068, stack(0x0000000018bf0000,0x0000000018cf0000)]
  0x0000000016b9d000 JavaThread "C2 CompilerThread0" daemon [_thread_in_native, id=17936, stack(0x0000000018af0000,0x0000000018bf0000)]
  0x0000000016b91000 JavaThread "Attach Listener" daemon [_thread_blocked, id=4868, stack(0x00000000189f0000,0x0000000018af0000)]
  0x0000000016b90800 JavaThread "Signal Dispatcher" daemon [_thread_blocked, id=17984, stack(0x00000000188f0000,0x00000000189f0000)]
  0x0000000016b6a800 JavaThread "Finalizer" daemon [_thread_blocked, id=3784, stack(0x00000000183f0000,0x00000000184f0000)]
  0x0000000002fc4800 JavaThread "Reference Handler" daemon [_thread_blocked, id=4808, stack(0x00000000182f0000,0x00000000183f0000)]
  0x0000000002dce000 JavaThread "main" [_thread_blocked, id=2164, stack(0x0000000002dd0000,0x0000000002ed0000)]

Other Threads:
  0x0000000016b46000 VMThread [stack: 0x00000000181f0000,0x00000000182f0000] [id=9804]
  0x00000000185cc000 WatcherThread [stack: 0x0000000018ef0000,0x0000000018ff0000] [id=7572]

VM state:not at safepoint (normal execution)

VM Mutex/Monitor currently owned by a thread: None

Heap:
 PSYoungGen      total 401408K, used 172181K [0x00000000e0000000, 0x0000000100000000, 0x0000000100000000)
  eden space 278528K, 48% used [0x00000000e0000000,0x00000000e82b4908,0x00000000f1000000)
  from space 122880K, 31% used [0x00000000f1000000,0x00000000f3570c70,0x00000000f8800000)
  to   space 115200K, 0% used [0x00000000f8f80000,0x00000000f8f80000,0x0000000100000000)
 ParOldGen       total 371712K, used 111021K [0x00000000a0000000, 0x00000000b6b00000, 0x00000000e0000000)
  object space 371712K, 29% used [0x00000000a0000000,0x00000000a6c6b6a0,0x00000000b6b00000)
 Metaspace       used 156655K, capacity 163288K, committed 163404K, reserved 1191936K
  class space    used 19458K, capacity 20770K, committed 20864K, reserved 1048576K

Card table byte_map: [0x0000000012390000,0x00000000126a0000] byte_map_base: 0x0000000011e90000

Marking Bits: (ParMarkBitMap*) 0x000000006f705aa0
 Begin Bits: [0x0000000012ea0000, 0x00000000146a0000)
 End Bits:   [0x00000000146a0000, 0x0000000015ea0000)

Polling page: 0x0000000000bd0000

CodeCache: size=245760Kb used=71273Kb max_used=72635Kb free=174487Kb
 bounds [0x0000000002fd0000, 0x0000000007730000, 0x0000000011fd0000]
 total_blobs=24154 nmethods=23089 adapters=973
 compilation: enabled

Compilation events (10 events):
Event: 361.257 Thread 0x0000000018543000 29070       2       com.android.tools.r8.graph.DexValue$DexValueLong::collectIndexedItems (8 bytes)
Event: 361.258 Thread 0x0000000018543000 nmethod 29070 0x00000000050e8b50 code [0x00000000050e8ca0, 0x00000000050e8df0]
Event: 361.263 Thread 0x0000000018543000 29071       2       com.android.tools.r8.code.MoveWideFrom16::collectIndexedItems (8 bytes)
Event: 361.263 Thread 0x0000000018543000 nmethod 29071 0x00000000050e8810 code [0x00000000050e8960, 0x00000000050e8ab0]
Event: 361.264 Thread 0x0000000018543000 29072       2       com.android.tools.r8.code.IntToLong::collectIndexedItems (8 bytes)
Event: 361.264 Thread 0x0000000018543000 nmethod 29072 0x00000000050e84d0 code [0x00000000050e8620, 0x00000000050e8770]
Event: 361.264 Thread 0x0000000018543000 29073       2       com.android.tools.r8.code.ConstWide::collectIndexedItems (8 bytes)
Event: 361.264 Thread 0x0000000018543000 nmethod 29073 0x00000000050e8190 code [0x00000000050e82e0, 0x00000000050e8430]
Event: 361.291 Thread 0x0000000018543000 29075       1       com.android.tools.r8.code.Format31t::collectIndexedItems (1 bytes)
Event: 361.291 Thread 0x0000000018543000 nmethod 29075 0x00000000050e7ed0 code [0x00000000050e8020, 0x00000000050e8130]

GC Heap History (10 events):
Event: 351.513 GC heap before
{Heap before GC invocations=25 (full 4):
 PSYoungGen      total 451584K, used 451562K [0x00000000e0000000, 0x0000000100000000, 0x0000000100000000)
  eden space 410624K, 100% used [0x00000000e0000000,0x00000000f9100000,0x00000000f9100000)
  from space 40960K, 99% used [0x00000000fd800000,0x00000000ffffaa88,0x0000000100000000)
  to   space 56832K, 0% used [0x00000000f9100000,0x00000000f9100000,0x00000000fc880000)
 ParOldGen       total 235520K, used 102979K [0x00000000a0000000, 0x00000000ae600000, 0x00000000e0000000)
  object space 235520K, 43% used [0x00000000a0000000,0x00000000a6490f10,0x00000000ae600000)
 Metaspace       used 140978K, capacity 146878K, committed 147148K, reserved 1177600K
  class space    used 17624K, capacity 18839K, committed 18944K, reserved 1048576K
Event: 351.609 GC heap after
Heap after GC invocations=25 (full 4):
 PSYoungGen      total 467456K, used 56820K [0x00000000e0000000, 0x0000000100000000, 0x0000000100000000)
  eden space 410624K, 0% used [0x00000000e0000000,0x00000000e0000000,0x00000000f9100000)
  from space 56832K, 99% used [0x00000000f9100000,0x00000000fc87d310,0x00000000fc880000)
  to   space 56832K, 0% used [0x00000000fc880000,0x00000000fc880000,0x0000000100000000)
 ParOldGen       total 235520K, used 164434K [0x00000000a0000000, 0x00000000ae600000, 0x00000000e0000000)
  object space 235520K, 69% used [0x00000000a0000000,0x00000000aa094b00,0x00000000ae600000)
 Metaspace       used 140978K, capacity 146878K, committed 147148K, reserved 1177600K
  class space    used 17624K, capacity 18839K, committed 18944K, reserved 1048576K
}
Event: 353.211 GC heap before
{Heap before GC invocations=26 (full 4):
 PSYoungGen      total 467456K, used 467444K [0x00000000e0000000, 0x0000000100000000, 0x0000000100000000)
  eden space 410624K, 100% used [0x00000000e0000000,0x00000000f9100000,0x00000000f9100000)
  from space 56832K, 99% used [0x00000000f9100000,0x00000000fc87d310,0x00000000fc880000)
  to   space 56832K, 0% used [0x00000000fc880000,0x00000000fc880000,0x0000000100000000)
 ParOldGen       total 235520K, used 164434K [0x00000000a0000000, 0x00000000ae600000, 0x00000000e0000000)
  object space 235520K, 69% used [0x00000000a0000000,0x00000000aa094b00,0x00000000ae600000)
 Metaspace       used 147781K, capacity 153790K, committed 154060K, reserved 1183744K
  class space    used 18403K, capacity 19663K, committed 19712K, reserved 1048576K
Event: 353.349 GC heap after
Heap after GC invocations=26 (full 4):
 PSYoungGen      total 335360K, used 56820K [0x00000000e0000000, 0x0000000100000000, 0x0000000100000000)
  eden space 278528K, 0% used [0x00000000e0000000,0x00000000e0000000,0x00000000f1000000)
  from space 56832K, 99% used [0x00000000fc880000,0x00000000ffffd150,0x0000000100000000)
  to   space 122880K, 0% used [0x00000000f1000000,0x00000000f1000000,0x00000000f8800000)
 ParOldGen       total 246784K, used 246348K [0x00000000a0000000, 0x00000000af100000, 0x00000000e0000000)
  object space 246784K, 99% used [0x00000000a0000000,0x00000000af093160,0x00000000af100000)
 Metaspace       used 147781K, capacity 153790K, committed 154060K, reserved 1183744K
  class space    used 18403K, capacity 19663K, committed 19712K, reserved 1048576K
}
Event: 353.349 GC heap before
{Heap before GC invocations=27 (full 5):
 PSYoungGen      total 335360K, used 56820K [0x00000000e0000000, 0x0000000100000000, 0x0000000100000000)
  eden space 278528K, 0% used [0x00000000e0000000,0x00000000e0000000,0x00000000f1000000)
  from space 56832K, 99% used [0x00000000fc880000,0x00000000ffffd150,0x0000000100000000)
  to   space 122880K, 0% used [0x00000000f1000000,0x00000000f1000000,0x00000000f8800000)
 ParOldGen       total 246784K, used 246348K [0x00000000a0000000, 0x00000000af100000, 0x00000000e0000000)
  object space 246784K, 99% used [0x00000000a0000000,0x00000000af093160,0x00000000af100000)
 Metaspace       used 147781K, capacity 153790K, committed 154060K, reserved 1183744K
  class space    used 18403K, capacity 19663K, committed 19712K, reserved 1048576K
Event: 353.754 GC heap after
Heap after GC invocations=27 (full 5):
 PSYoungGen      total 335360K, used 0K [0x00000000e0000000, 0x0000000100000000, 0x0000000100000000)
  eden space 278528K, 0% used [0x00000000e0000000,0x00000000e0000000,0x00000000f1000000)
  from space 56832K, 0% used [0x00000000fc880000,0x00000000fc880000,0x0000000100000000)
  to   space 122880K, 0% used [0x00000000f1000000,0x00000000f1000000,0x00000000f8800000)
 ParOldGen       total 246784K, used 213249K [0x00000000a0000000, 0x00000000af100000, 0x00000000e0000000)
  object space 246784K, 86% used [0x00000000a0000000,0x00000000ad040550,0x00000000af100000)
 Metaspace       used 147458K, capacity 152924K, committed 154060K, reserved 1183744K
  class space    used 18292K, capacity 19448K, committed 19712K, reserved 1048576K
}
Event: 357.608 GC heap before
{Heap before GC invocations=28 (full 6):
 PSYoungGen      total 335360K, used 278528K [0x00000000e0000000, 0x0000000100000000, 0x0000000100000000)
  eden space 278528K, 100% used [0x00000000e0000000,0x00000000f1000000,0x00000000f1000000)
  from space 56832K, 0% used [0x00000000fc880000,0x00000000fc880000,0x0000000100000000)
  to   space 122880K, 0% used [0x00000000f1000000,0x00000000f1000000,0x00000000f8800000)
 ParOldGen       total 246784K, used 213249K [0x00000000a0000000, 0x00000000af100000, 0x00000000e0000000)
  object space 246784K, 86% used [0x00000000a0000000,0x00000000ad040550,0x00000000af100000)
 Metaspace       used 150749K, capacity 156366K, committed 157004K, reserved 1185792K
  class space    used 18677K, capacity 19885K, committed 20096K, reserved 1048576K
Event: 357.841 GC heap after
Heap after GC invocations=28 (full 6):
 PSYoungGen      total 335360K, used 0K [0x00000000e0000000, 0x0000000100000000, 0x0000000100000000)
  eden space 278528K, 0% used [0x00000000e0000000,0x00000000e0000000,0x00000000f1000000)
  from space 56832K, 0% used [0x00000000fc880000,0x00000000fc880000,0x0000000100000000)
  to   space 122880K, 0% used [0x00000000f1000000,0x00000000f1000000,0x00000000f8800000)
 ParOldGen       total 371712K, used 111013K [0x00000000a0000000, 0x00000000b6b00000, 0x00000000e0000000)
  object space 371712K, 29% used [0x00000000a0000000,0x00000000a6c696a0,0x00000000b6b00000)
 Metaspace       used 149795K, capacity 155290K, committed 157004K, reserved 1185792K
  class space    used 18542K, capacity 19719K, committed 20096K, reserved 1048576K
}
Event: 360.537 GC heap before
{Heap before GC invocations=29 (full 6):
 PSYoungGen      total 335360K, used 278528K [0x00000000e0000000, 0x0000000100000000, 0x0000000100000000)
  eden space 278528K, 100% used [0x00000000e0000000,0x00000000f1000000,0x00000000f1000000)
  from space 56832K, 0% used [0x00000000fc880000,0x00000000fc880000,0x0000000100000000)
  to   space 122880K, 0% used [0x00000000f1000000,0x00000000f1000000,0x00000000f8800000)
 ParOldGen       total 371712K, used 111013K [0x00000000a0000000, 0x00000000b6b00000, 0x00000000e0000000)
  object space 371712K, 29% used [0x00000000a0000000,0x00000000a6c696a0,0x00000000b6b00000)
 Metaspace       used 155784K, capacity 162348K, committed 162508K, reserved 1191936K
  class space    used 19347K, capacity 20652K, committed 20736K, reserved 1048576K
Event: 360.561 GC heap after
Heap after GC invocations=29 (full 6):
 PSYoungGen      total 401408K, used 38339K [0x00000000e0000000, 0x0000000100000000, 0x0000000100000000)
  eden space 278528K, 0% used [0x00000000e0000000,0x00000000e0000000,0x00000000f1000000)
  from space 122880K, 31% used [0x00000000f1000000,0x00000000f3570c70,0x00000000f8800000)
  to   space 115200K, 0% used [0x00000000f8f80000,0x00000000f8f80000,0x0000000100000000)
 ParOldGen       total 371712K, used 111021K [0x00000000a0000000, 0x00000000b6b00000, 0x00000000e0000000)
  object space 371712K, 29% used [0x00000000a0000000,0x00000000a6c6b6a0,0x00000000b6b00000)
 Metaspace       used 155784K, capacity 162348K, committed 162508K, reserved 1191936K
  class space    used 19347K, capacity 20652K, committed 20736K, reserved 1048576K
}

Deoptimization events (10 events):
Event: 360.630 Thread 0x000000001fc29800 Uncommon trap: reason=unstable_if action=reinterpret pc=0x000000000501664c method=com.android.tools.r8.it.unimi.dsi.fastutil.ints.Int2ObjectOpenHashMap.insert(ILjava/lang/Object;)I @ 1
Event: 360.634 Thread 0x000000001fc29800 Uncommon trap: reason=unstable_if action=reinterpret pc=0x0000000003419bbc method=com.android.tools.r8.graph.DexString.slowCompareTo(Lcom/android/tools/r8/graph/DexString;)I @ 136
Event: 360.636 Thread 0x000000001fc2a800 Uncommon trap: reason=unstable_if action=reinterpret pc=0x000000000400b718 method=com.android.tools.r8.graph.DexMethod.computeEquals(Ljava/lang/Object;)Z @ 37
Event: 360.642 Thread 0x000000001fc2a800 Uncommon trap: reason=unstable_if action=reinterpret pc=0x0000000006d9b0a0 method=com.android.tools.r8.graph.DexProto.computeEquals(Ljava/lang/Object;)Z @ 23
Event: 360.645 Thread 0x000000001fc29000 Uncommon trap: reason=unstable_if action=reinterpret pc=0x0000000006a81430 method=com.android.tools.r8.dex.DexParser.cacheAt(ILjava/util/function/Supplier;)Ljava/lang/Object; @ 1
Event: 360.658 Thread 0x000000001fc2e000 Uncommon trap: reason=unstable_if action=reinterpret pc=0x0000000006faf4c4 method=com.android.tools.r8.utils.IdentifierUtils.isSimpleNameChar(I)Z @ 45
Event: 360.745 Thread 0x000000001fc2e000 Uncommon trap: reason=unstable_if action=reinterpret pc=0x0000000004ca1a78 method=com.android.tools.r8.graph.DexString.slowCompareTo(Lcom/android/tools/r8/graph/DexString;)I @ 80
Event: 361.113 Thread 0x000000001c566000 Uncommon trap: reason=unstable_if action=reinterpret pc=0x0000000003487ed4 method=com.android.tools.r8.graph.DexItem.consumeArray([Lcom/android/tools/r8/graph/DexItem;Ljava/util/function/Consumer;)V @ 27
Event: 361.129 Thread 0x000000001c566000 Uncommon trap: reason=uninitialized action=reinterpret pc=0x0000000006fb8c08 method=com.android.tools.r8.graph.DexValue.defaultForType(Lcom/android/tools/r8/graph/DexType;)Lcom/android/tools/r8/graph/DexValue; @ 144
Event: 361.129 Thread 0x000000001c566000 Uncommon trap: reason=uninitialized action=reinterpret pc=0x0000000004f67314 method=com.android.tools.r8.graph.DexValue.defaultForType(Lcom/android/tools/r8/graph/DexType;)Lcom/android/tools/r8/graph/DexValue; @ 144

Classes redefined (0 events):
No events

Internal exceptions (10 events):
Event: 359.521 Thread 0x000000001fc25000 Exception <a 'sun/nio/fs/WindowsException'> (0x00000000ebfb0008) thrown at [D:\src\AOSP-openjdk-cygwin\jdk8u\hotspot\src\share\vm\prims\jni.cpp, line 709]
Event: 359.524 Thread 0x000000001fc25000 Exception <a 'sun/nio/fs/WindowsException'> (0x00000000ebff5f88) thrown at [D:\src\AOSP-openjdk-cygwin\jdk8u\hotspot\src\share\vm\prims\jni.cpp, line 709]
Event: 359.527 Thread 0x000000001fc25000 Exception <a 'sun/nio/fs/WindowsException'> (0x00000000ec03b1f0) thrown at [D:\src\AOSP-openjdk-cygwin\jdk8u\hotspot\src\share\vm\prims\jni.cpp, line 709]
Event: 359.532 Thread 0x000000001fc25000 Exception <a 'sun/nio/fs/WindowsException'> (0x00000000ec080cc8) thrown at [D:\src\AOSP-openjdk-cygwin\jdk8u\hotspot\src\share\vm\prims\jni.cpp, line 709]
Event: 359.538 Thread 0x000000001fc25000 Exception <a 'sun/nio/fs/WindowsException'> (0x00000000ec0c6440) thrown at [D:\src\AOSP-openjdk-cygwin\jdk8u\hotspot\src\share\vm\prims\jni.cpp, line 709]
Event: 359.542 Thread 0x000000001fc25000 Exception <a 'sun/nio/fs/WindowsException'> (0x00000000ec10c4a8) thrown at [D:\src\AOSP-openjdk-cygwin\jdk8u\hotspot\src\share\vm\prims\jni.cpp, line 709]
Event: 359.545 Thread 0x000000001fc25000 Exception <a 'sun/nio/fs/WindowsException'> (0x00000000ec151b40) thrown at [D:\src\AOSP-openjdk-cygwin\jdk8u\hotspot\src\share\vm\prims\jni.cpp, line 709]
Event: 359.551 Thread 0x000000001fc25000 Exception <a 'sun/nio/fs/WindowsException'> (0x00000000ec198b70) thrown at [D:\src\AOSP-openjdk-cygwin\jdk8u\hotspot\src\share\vm\prims\jni.cpp, line 709]
Event: 359.566 Thread 0x000000001fc25000 Exception <a 'sun/nio/fs/WindowsException'> (0x00000000ec1ddeb8) thrown at [D:\src\AOSP-openjdk-cygwin\jdk8u\hotspot\src\share\vm\prims\jni.cpp, line 709]
Event: 360.443 Thread 0x000000001c566000 Exception <a 'sun/nio/fs/WindowsException'> (0x00000000ee21e408) thrown at [D:\src\AOSP-openjdk-cygwin\jdk8u\hotspot\src\share\vm\prims\jni.cpp, line 709]

Events (10 events):
Event: 361.113 Thread 0x000000001c566000 DEOPT PACKING pc=0x0000000003487ed4 sp=0x00000000321ac230
Event: 361.113 Thread 0x000000001c566000 DEOPT UNPACKING pc=0x000000000301557b sp=0x00000000321ac1b8 mode 2
Event: 361.121 Thread 0x000000001c566000 DEOPT PACKING pc=0x00000000076a01cc sp=0x00000000321ac280
Event: 361.121 Thread 0x000000001c566000 DEOPT UNPACKING pc=0x00000000030175d0 sp=0x00000000321ac080 mode 0
Event: 361.129 Thread 0x000000001c566000 Uncommon trap: trap_request=0xffffffb5 fr.pc=0x0000000006fb8c08
Event: 361.129 Thread 0x000000001c566000 DEOPT PACKING pc=0x0000000006fb8c08 sp=0x00000000321ac450
Event: 361.129 Thread 0x000000001c566000 DEOPT UNPACKING pc=0x000000000301557b sp=0x00000000321ac3a0 mode 2
Event: 361.129 Thread 0x000000001c566000 Uncommon trap: trap_request=0xffffffb5 fr.pc=0x0000000004f67314
Event: 361.129 Thread 0x000000001c566000 DEOPT PACKING pc=0x0000000004f67314 sp=0x00000000321ac3e0
Event: 361.129 Thread 0x000000001c566000 DEOPT UNPACKING pc=0x000000000301557b sp=0x00000000321ac390 mode 2


Dynamic libraries:
0x00007ff679f30000 - 0x00007ff679f61000 	D:\android\android-studio\jre\bin\java.exe
0x00007ffc902d0000 - 0x00007ffc904b1000 	C:\WINDOWS\SYSTEM32\ntdll.dll
0x00007ffc8dab0000 - 0x00007ffc8db62000 	C:\WINDOWS\System32\KERNEL32.DLL
0x00007ffc8d000000 - 0x00007ffc8d273000 	C:\WINDOWS\System32\KERNELBASE.dll
0x00007ffc8f660000 - 0x00007ffc8f701000 	C:\WINDOWS\System32\ADVAPI32.dll
0x00007ffc8fbe0000 - 0x00007ffc8fc7e000 	C:\WINDOWS\System32\msvcrt.dll
0x00007ffc8d890000 - 0x00007ffc8d8eb000 	C:\WINDOWS\System32\sechost.dll
0x00007ffc8d760000 - 0x00007ffc8d884000 	C:\WINDOWS\System32\RPCRT4.dll
0x00007ffc8ffb0000 - 0x00007ffc90140000 	C:\WINDOWS\System32\USER32.dll
0x00007ffc8d380000 - 0x00007ffc8d3a0000 	C:\WINDOWS\System32\win32u.dll
0x00007ffc8f5d0000 - 0x00007ffc8f5f8000 	C:\WINDOWS\System32\GDI32.dll
0x00007ffc8c6a0000 - 0x00007ffc8c832000 	C:\WINDOWS\System32\gdi32full.dll
0x00007ffc8d280000 - 0x00007ffc8d31f000 	C:\WINDOWS\System32\msvcp_win.dll
0x00007ffc8d3a0000 - 0x00007ffc8d49a000 	C:\WINDOWS\System32\ucrtbase.dll
0x00007ffc7c540000 - 0x00007ffc7c7a9000 	C:\WINDOWS\WinSxS\amd64_microsoft.windows.common-controls_6595b64144ccf1df_6.0.17134.345_none_fb429a5930656358\COMCTL32.dll
0x00007ffc8f730000 - 0x00007ffc8fa53000 	C:\WINDOWS\System32\combase.dll
0x00007ffc8d4a0000 - 0x00007ffc8d51a000 	C:\WINDOWS\System32\bcryptPrimitives.dll
0x00007ffc8fd80000 - 0x00007ffc8fdad000 	C:\WINDOWS\System32\IMM32.DLL
0x000000006ebd0000 - 0x000000006eca2000 	D:\android\android-studio\jre\jre\bin\msvcr100.dll
0x000000006ef40000 - 0x000000006f781000 	D:\android\android-studio\jre\jre\bin\server\jvm.dll
0x00007ffc8d950000 - 0x00007ffc8d958000 	C:\WINDOWS\System32\PSAPI.DLL
0x00007ffc7cc80000 - 0x00007ffc7cc89000 	C:\WINDOWS\SYSTEM32\WSOCK32.dll
0x00007ffc81dc0000 - 0x00007ffc81dca000 	C:\WINDOWS\SYSTEM32\VERSION.dll
0x00007ffc8a750000 - 0x00007ffc8a773000 	C:\WINDOWS\SYSTEM32\WINMM.dll
0x00007ffc8da30000 - 0x00007ffc8da9c000 	C:\WINDOWS\System32\WS2_32.dll
0x00007ffc8a640000 - 0x00007ffc8a66a000 	C:\WINDOWS\SYSTEM32\winmmbase.dll
0x00007ffc8d710000 - 0x00007ffc8d759000 	C:\WINDOWS\System32\cfgmgr32.dll
0x00007ffc68310000 - 0x00007ffc6831f000 	D:\android\android-studio\jre\jre\bin\verify.dll
0x00007ffc01530000 - 0x00007ffc01559000 	D:\android\android-studio\jre\jre\bin\java.dll
0x00007ffc52b80000 - 0x00007ffc52b96000 	D:\android\android-studio\jre\jre\bin\zip.dll
0x00007ffc8dc20000 - 0x00007ffc8f05f000 	C:\WINDOWS\System32\SHELL32.dll
0x00007ffc8db70000 - 0x00007ffc8dc19000 	C:\WINDOWS\System32\shcore.dll
0x00007ffc8c840000 - 0x00007ffc8cf4d000 	C:\WINDOWS\System32\windows.storage.dll
0x00007ffc8fdb0000 - 0x00007ffc8fe01000 	C:\WINDOWS\System32\shlwapi.dll
0x00007ffc8c680000 - 0x00007ffc8c691000 	C:\WINDOWS\System32\kernel.appcore.dll
0x00007ffc8c5f0000 - 0x00007ffc8c60f000 	C:\WINDOWS\System32\profapi.dll
0x00007ffc8c630000 - 0x00007ffc8c67c000 	C:\WINDOWS\System32\powrprof.dll
0x00007ffc8c5e0000 - 0x00007ffc8c5ea000 	C:\WINDOWS\System32\FLTLIB.DLL
0x00007ffc02fe0000 - 0x00007ffc02ffa000 	D:\android\android-studio\jre\jre\bin\net.dll
0x00007ffc8be00000 - 0x00007ffc8be66000 	C:\WINDOWS\system32\mswsock.dll
0x00007ffc01510000 - 0x00007ffc01521000 	D:\android\android-studio\jre\jre\bin\nio.dll
0x00007ffc5b860000 - 0x00007ffc5b87e000 	C:\Users\Administrator\.gradle\native\25\windows-amd64\native-platform.dll
0x00007ffc67020000 - 0x00007ffc6702d000 	D:\android\android-studio\jre\jre\bin\management.dll
0x00007ffc8c010000 - 0x00007ffc8c027000 	C:\WINDOWS\SYSTEM32\CRYPTSP.dll
0x00007ffc8b9e0000 - 0x00007ffc8ba13000 	C:\WINDOWS\system32\rsaenh.dll
0x00007ffc8c140000 - 0x00007ffc8c165000 	C:\WINDOWS\SYSTEM32\bcrypt.dll
0x00007ffc8c510000 - 0x00007ffc8c538000 	C:\WINDOWS\SYSTEM32\USERENV.dll
0x00007ffc8c030000 - 0x00007ffc8c03b000 	C:\WINDOWS\SYSTEM32\CRYPTBASE.dll
0x00007ffc8bb80000 - 0x00007ffc8bbb8000 	C:\WINDOWS\SYSTEM32\IPHLPAPI.DLL
0x00007ffc8daa0000 - 0x00007ffc8daa8000 	C:\WINDOWS\System32\NSI.dll
0x00007ffc85250000 - 0x00007ffc85266000 	C:\WINDOWS\SYSTEM32\dhcpcsvc6.DLL
0x00007ffc834a0000 - 0x00007ffc834ba000 	C:\WINDOWS\SYSTEM32\dhcpcsvc.DLL
0x00007ffc01370000 - 0x00007ffc01507000 	D:\android\android-studio\jre\jre\bin\awt.dll
0x00007ffc8d960000 - 0x00007ffc8da22000 	C:\WINDOWS\System32\OLEAUT32.dll
0x00007ffc89b90000 - 0x00007ffc8a157000 	C:\WINDOWS\SYSTEM32\d2d1.dll
0x00007ffc8a990000 - 0x00007ffc8aa1b000 	C:\WINDOWS\SYSTEM32\apphelp.dll
0x00007ffc8ad70000 - 0x00007ffc8ad99000 	C:\WINDOWS\system32\DWMAPI.DLL
0x00007ffc8ac90000 - 0x00007ffc8ad28000 	C:\WINDOWS\system32\uxtheme.dll
0x00007ffc00fe0000 - 0x00007ffc01004000 	D:\android\android-studio\jre\jre\bin\sunec.dll
0x00007ffc5b6d0000 - 0x00007ffc5b6db000 	D:\android\android-studio\jre\jre\bin\sunmscapi.dll
0x00007ffc8d520000 - 0x00007ffc8d702000 	C:\WINDOWS\System32\CRYPT32.dll
0x00007ffc8c610000 - 0x00007ffc8c622000 	C:\WINDOWS\System32\MSASN1.dll
0x00007ffc8b6d0000 - 0x00007ffc8b701000 	C:\WINDOWS\SYSTEM32\ntmarta.dll

VM Arguments:
jvm_args: -Xmx1536m -Dfile.encoding=GBK -Duser.country=CN -Duser.language=zh -Duser.variant 
java_command: org.gradle.launcher.daemon.bootstrap.GradleDaemon 4.6
java_class_path (initial): C:\Users\Administrator\.gradle\wrapper\dists\gradle-4.6-all\bcst21l2brirad8k2ben1letg\gradle-4.6\lib\gradle-launcher-4.6.jar
Launcher Type: SUN_STANDARD

Environment Variables:
JAVA_HOME=D:\java\jdk1.8.0_131
CLASSPATH=.;D:\java\jdk1.8.0_131\lib\dt.jar;D:\java\jdk1.8.0_131\lib\tools.jar;
PATH=C:\ProgramData\Oracle\Java\javapath;C:\WINDOWS\system32;C:\WINDOWS;C:\WINDOWS\System32\Wbem;C:\WINDOWS\System32\WindowsPowerShell\v1.0\;D:\java\jdk1.8.0_131\bin;D:\java\jdk1.8.0_131\jre\bin;D:\mysql\mysql-5.7.22-winx64\bin;D:\Git\cmd;C:\WINDOWS\System32\OpenSSH\;D:\html\nodejs\;C:\Program Files\Common Files\Autodesk Shared\;C:\Program Files (x86)\Autodesk\Backburner\;C:\Users\Administrator\AppData\Local\Microsoft\WindowsApps;C:\Users\Administrator\AppData\Roaming\npm
USERNAME=Administrator
OS=Windows_NT
PROCESSOR_IDENTIFIER=Intel64 Family 6 Model 158 Stepping 10, GenuineIntel



---------------  S Y S T E M  ---------------

OS: Windows 10.0 , 64 bit Build 17134 (10.0.17134.1)

CPU:total 6 (initial active 6) (6 cores per cpu, 1 threads per core) family 6 model 158 stepping 10, cmov, cx8, fxsr, mmx, sse, sse2, sse3, ssse3, sse4.1, sse4.2, popcnt, avx, avx2, aes, clmul, erms, rtm, 3dnowpref, lzcnt, tsc, tscinvbit, bmi1, bmi2, adx

Memory: 4k page, physical 7813140k(400812k free), swap 12959308k(5208k free)

vm_info: OpenJDK 64-Bit Server VM (25.152-b06) for windows-amd64 JRE (1.8.0_152-release-1136-b06), built by "builder" with MS VC++ 10.0 (VS2010)

time: Wed Oct 24 15:06:20 2018
elapsed time: 361 seconds (0d 0h 6m 1s)

